<?xml version="1.0" encoding="UTF-8"?>
		<!--	created with www.mysitemapgenerator.com	-->
		<urlset xmlns="http://www.sitemaps.org/schemas/sitemap/0.9">
<url>
	<loc>https://cracky-chan.tk/</loc>
	<lastmod>2021-05-23</lastmod>
	<priority>1.0</priority>
</url>
<url>
	<loc>https://cracky-chan.tk/testgallery/</loc>
	<lastmod>2021-05-23</lastmod>
	<priority>0.8</priority>
</url>
<url>
	<loc>https://cracky-chan.tk/robots.txt</loc>
	<lastmod>2021-05-23</lastmod>
	<priority>0.8</priority>
</url>
<url>
	<loc>https://cracky-chan.tk/sitemap.txt</loc>
	<lastmod>2021-05-23</lastmod>
	<priority>0.8</priority>
</url>
<url>
	<loc>https://cracky-chan.tk/404</loc>
	<lastmod>2021-05-23</lastmod>
	<priority>0.8</priority>
</url>
<url>
	<loc>https://cracky-chan.tk/pasta4.txt</loc>
	<lastmod>2021-05-23</lastmod>
	<priority>0.8</priority>
</url>
<url>
	<loc>https://cracky-chan.tk/response-from-her.txt</loc>
	<lastmod>2021-05-23</lastmod>
	<priority>0.8</priority>
</url>
<url>
	<loc>https://cracky-chan.tk/crapgallery/</loc>
	<lastmod>2021-05-23</lastmod>
	<priority>0.8</priority>
</url>
<url>
	<loc>https://cracky-chan.tk/crapgallery/cracky1/</loc>
	<lastmod>2021-05-23</lastmod>
	<priority>0.8</priority>
</url>
<url>
	<loc>https://cracky-chan.tk/crapgallery/cracky2/</loc>
	<lastmod>2021-05-23</lastmod>
	<priority>0.8</priority>
</url>
</urlset>
